{"/Users/royrutto/Dev/gisida/src/components/Controls/FilterSelector/FilterSelector.jsx": {"path":"/Users/royrutto/Dev/gisida/src/components/Controls/FilterSelector/FilterSelector.jsx","statementMap":{"0":{"start":{"line":1,"column":39},"end":{"line":1,"column":101}},"1":{"start":{"line":1,"column":120},"end":{"line":1,"column":649}},"2":{"start":{"line":1,"column":175},"end":{"line":1,"column":440}},"3":{"start":{"line":1,"column":232},"end":{"line":1,"column":240}},"4":{"start":{"line":1,"column":241},"end":{"line":1,"column":296}},"5":{"start":{"line":1,"column":296},"end":{"line":1,"column":327}},"6":{"start":{"line":1,"column":327},"end":{"line":1,"column":381}},"7":{"start":{"line":1,"column":354},"end":{"line":1,"column":381}},"8":{"start":{"line":1,"column":381},"end":{"line":1,"column":439}},"9":{"start":{"line":1,"column":441},"end":{"line":1,"column":646}},"10":{"start":{"line":1,"column":497},"end":{"line":1,"column":565}},"11":{"start":{"line":1,"column":513},"end":{"line":1,"column":565}},"12":{"start":{"line":1,"column":565},"end":{"line":1,"column":625}},"13":{"start":{"line":1,"column":582},"end":{"line":1,"column":625}},"14":{"start":{"line":1,"column":625},"end":{"line":1,"column":644}},"15":{"start":{"line":1,"column":816},"end":{"line":1,"column":870}},"16":{"start":{"line":1,"column":920},"end":{"line":1,"column":1019}},"17":{"start":{"line":1,"column":961},"end":{"line":1,"column":1018}},"18":{"start":{"line":1,"column":1069},"end":{"line":1,"column":1168}},"19":{"start":{"line":1,"column":1081},"end":{"line":1,"column":1167}},"20":{"start":{"line":1,"column":1168},"end":{"line":1,"column":1254}},"21":{"start":{"line":1,"column":1297},"end":{"line":1,"column":1460}},"22":{"start":{"line":1,"column":1359},"end":{"line":1,"column":1459}},"23":{"start":{"line":1,"column":1460},"end":{"line":1,"column":1624}},"24":{"start":{"line":1,"column":1624},"end":{"line":1,"column":1742}},"25":{"start":{"line":1,"column":1640},"end":{"line":1,"column":1742}},"26":{"start":{"line":3,"column":0},"end":{"line":3,"column":33}}},"fnMap":{"0":{"name":"(anonymous_0)","decl":{"start":{"line":1,"column":120},"end":{"line":1,"column":121}},"loc":{"start":{"line":1,"column":132},"end":{"line":1,"column":647}},"line":1},"1":{"name":"defineProperties","decl":{"start":{"line":1,"column":142},"end":{"line":1,"column":158}},"loc":{"start":{"line":1,"column":174},"end":{"line":1,"column":441}},"line":1},"2":{"name":"(anonymous_2)","decl":{"start":{"line":1,"column":448},"end":{"line":1,"column":449}},"loc":{"start":{"line":1,"column":496},"end":{"line":1,"column":645}},"line":1},"3":{"name":"_interopRequireDefault","decl":{"start":{"line":1,"column":787},"end":{"line":1,"column":809}},"loc":{"start":{"line":1,"column":815},"end":{"line":1,"column":871}},"line":1},"4":{"name":"_classCallCheck","decl":{"start":{"line":1,"column":880},"end":{"line":1,"column":895}},"loc":{"start":{"line":1,"column":919},"end":{"line":1,"column":1020}},"line":1},"5":{"name":"_possibleConstructorReturn","decl":{"start":{"line":1,"column":1029},"end":{"line":1,"column":1055}},"loc":{"start":{"line":1,"column":1068},"end":{"line":1,"column":1255}},"line":1},"6":{"name":"_inherits","decl":{"start":{"line":1,"column":1264},"end":{"line":1,"column":1273}},"loc":{"start":{"line":1,"column":1296},"end":{"line":1,"column":1743}},"line":1}},"branchMap":{"0":{"loc":{"start":{"line":1,"column":265},"end":{"line":1,"column":295}},"type":"binary-expr","locations":[{"start":{"line":1,"column":265},"end":{"line":1,"column":286}},{"start":{"line":1,"column":290},"end":{"line":1,"column":295}}],"line":1},"1":{"loc":{"start":{"line":1,"column":327},"end":{"line":1,"column":381}},"type":"if","locations":[{"start":{"line":1,"column":327},"end":{"line":1,"column":381}},{"start":{"line":1,"column":327},"end":{"line":1,"column":381}}],"line":1},"2":{"loc":{"start":{"line":1,"column":497},"end":{"line":1,"column":565}},"type":"if","locations":[{"start":{"line":1,"column":497},"end":{"line":1,"column":565}},{"start":{"line":1,"column":497},"end":{"line":1,"column":565}}],"line":1},"3":{"loc":{"start":{"line":1,"column":565},"end":{"line":1,"column":625}},"type":"if","locations":[{"start":{"line":1,"column":565},"end":{"line":1,"column":625}},{"start":{"line":1,"column":565},"end":{"line":1,"column":625}}],"line":1},"4":{"loc":{"start":{"line":1,"column":823},"end":{"line":1,"column":869}},"type":"cond-expr","locations":[{"start":{"line":1,"column":847},"end":{"line":1,"column":850}},{"start":{"line":1,"column":853},"end":{"line":1,"column":869}}],"line":1},"5":{"loc":{"start":{"line":1,"column":823},"end":{"line":1,"column":844}},"type":"binary-expr","locations":[{"start":{"line":1,"column":823},"end":{"line":1,"column":826}},{"start":{"line":1,"column":830},"end":{"line":1,"column":844}}],"line":1},"6":{"loc":{"start":{"line":1,"column":920},"end":{"line":1,"column":1019}},"type":"if","locations":[{"start":{"line":1,"column":920},"end":{"line":1,"column":1019}},{"start":{"line":1,"column":920},"end":{"line":1,"column":1019}}],"line":1},"7":{"loc":{"start":{"line":1,"column":1069},"end":{"line":1,"column":1168}},"type":"if","locations":[{"start":{"line":1,"column":1069},"end":{"line":1,"column":1168}},{"start":{"line":1,"column":1069},"end":{"line":1,"column":1168}}],"line":1},"8":{"loc":{"start":{"line":1,"column":1175},"end":{"line":1,"column":1253}},"type":"cond-expr","locations":[{"start":{"line":1,"column":1242},"end":{"line":1,"column":1246}},{"start":{"line":1,"column":1249},"end":{"line":1,"column":1253}}],"line":1},"9":{"loc":{"start":{"line":1,"column":1175},"end":{"line":1,"column":1239}},"type":"binary-expr","locations":[{"start":{"line":1,"column":1175},"end":{"line":1,"column":1179}},{"start":{"line":1,"column":1184},"end":{"line":1,"column":1208}},{"start":{"line":1,"column":1212},"end":{"line":1,"column":1238}}],"line":1},"10":{"loc":{"start":{"line":1,"column":1297},"end":{"line":1,"column":1460}},"type":"if","locations":[{"start":{"line":1,"column":1297},"end":{"line":1,"column":1460}},{"start":{"line":1,"column":1297},"end":{"line":1,"column":1460}}],"line":1},"11":{"loc":{"start":{"line":1,"column":1301},"end":{"line":1,"column":1356}},"type":"binary-expr","locations":[{"start":{"line":1,"column":1301},"end":{"line":1,"column":1333}},{"start":{"line":1,"column":1337},"end":{"line":1,"column":1356}}],"line":1},"12":{"loc":{"start":{"line":1,"column":1495},"end":{"line":1,"column":1529}},"type":"binary-expr","locations":[{"start":{"line":1,"column":1495},"end":{"line":1,"column":1505}},{"start":{"line":1,"column":1509},"end":{"line":1,"column":1529}}],"line":1},"13":{"loc":{"start":{"line":1,"column":1624},"end":{"line":1,"column":1742}},"type":"if","locations":[{"start":{"line":1,"column":1624},"end":{"line":1,"column":1742}},{"start":{"line":1,"column":1624},"end":{"line":1,"column":1742}}],"line":1},"14":{"loc":{"start":{"line":1,"column":1640},"end":{"line":1,"column":1741}},"type":"cond-expr","locations":[{"start":{"line":1,"column":1664},"end":{"line":1,"column":1707}},{"start":{"line":1,"column":1710},"end":{"line":1,"column":1741}}],"line":1}},"s":{"0":1,"1":1,"2":1,"3":3,"4":3,"5":3,"6":3,"7":3,"8":3,"9":1,"10":1,"11":1,"12":1,"13":0,"14":1,"15":1,"16":1,"17":0,"18":1,"19":0,"20":1,"21":1,"22":0,"23":1,"24":1,"25":1,"26":1},"f":{"0":1,"1":1,"2":1,"3":1,"4":1,"5":1,"6":1},"b":{"0":[3,3],"1":[3,0],"2":[1,0],"3":[0,1],"4":[0,1],"5":[1,1],"6":[0,1],"7":[0,1],"8":[0,1],"9":[1,0,0],"10":[0,1],"11":[1,0],"12":[1,1],"13":[1,0],"14":[1,0]},"_coverageSchema":"332fd63041d2c1bcb487cc26dd0d5f7d97098a6c","hash":"e39a50b8367cfbed26b86ca06404b607dfcd37fd"}
,"/Users/royrutto/Dev/gisida/src/components/Controls/FilterSelector/FilterSelector.scss": {"path":"/Users/royrutto/Dev/gisida/src/components/Controls/FilterSelector/FilterSelector.scss","statementMap":{},"fnMap":{},"branchMap":{},"s":{},"f":{},"b":{},"_coverageSchema":"332fd63041d2c1bcb487cc26dd0d5f7d97098a6c","hash":"428372272b6afb3fb4c7ab9787973d47afe28c0c"}
,"/Users/royrutto/Dev/gisida/src/components/Controls/StyleSelector/StyleSelector.jsx": {"path":"/Users/royrutto/Dev/gisida/src/components/Controls/StyleSelector/StyleSelector.jsx","statementMap":{"0":{"start":{"line":1,"column":39},"end":{"line":1,"column":101}},"1":{"start":{"line":1,"column":267},"end":{"line":1,"column":321}},"2":{"start":{"line":2,"column":0},"end":{"line":2,"column":32}},"3":{"start":{"line":5,"column":2},"end":{"line":27,"column":180}}},"fnMap":{"0":{"name":"_interopRequireDefault","decl":{"start":{"line":1,"column":238},"end":{"line":1,"column":260}},"loc":{"start":{"line":1,"column":266},"end":{"line":1,"column":322}},"line":1},"1":{"name":"StyleSelector","decl":{"start":{"line":4,"column":9},"end":{"line":4,"column":22}},"loc":{"start":{"line":4,"column":30},"end":{"line":32,"column":1}},"line":4},"2":{"name":"(anonymous_2)","decl":{"start":{"line":11,"column":29},"end":{"line":11,"column":30}},"loc":{"start":{"line":11,"column":68},"end":{"line":23,"column":153}},"line":11}},"branchMap":{"0":{"loc":{"start":{"line":1,"column":274},"end":{"line":1,"column":320}},"type":"cond-expr","locations":[{"start":{"line":1,"column":298},"end":{"line":1,"column":301}},{"start":{"line":1,"column":304},"end":{"line":1,"column":320}}],"line":1},"1":{"loc":{"start":{"line":1,"column":274},"end":{"line":1,"column":295}},"type":"binary-expr","locations":[{"start":{"line":1,"column":274},"end":{"line":1,"column":277}},{"start":{"line":1,"column":281},"end":{"line":1,"column":295}}],"line":1}},"s":{"0":1,"1":1,"2":1,"3":1},"f":{"0":1,"1":1,"2":3},"b":{"0":[0,1],"1":[1,1]},"_coverageSchema":"332fd63041d2c1bcb487cc26dd0d5f7d97098a6c","hash":"a687e600356bad34a43492a694d52698da2cf3b4"}
,"/Users/royrutto/Dev/gisida/src/components/Controls/StyleSelector/StyleSelector.scss": {"path":"/Users/royrutto/Dev/gisida/src/components/Controls/StyleSelector/StyleSelector.scss","statementMap":{},"fnMap":{},"branchMap":{},"s":{},"f":{},"b":{},"_coverageSchema":"332fd63041d2c1bcb487cc26dd0d5f7d97098a6c","hash":"f22546e34c32ac902de3370080b21ce37bfa60c0"}
,"/Users/royrutto/Dev/gisida/src/components/Controls/TimeSeriesSlider/TimeSeriesSlider.jsx": {"path":"/Users/royrutto/Dev/gisida/src/components/Controls/TimeSeriesSlider/TimeSeriesSlider.jsx","statementMap":{"0":{"start":{"line":1,"column":39},"end":{"line":1,"column":101}},"1":{"start":{"line":1,"column":101},"end":{"line":4,"column":17}},"2":{"start":{"line":4,"column":183},"end":{"line":4,"column":237}},"3":{"start":{"line":4,"column":238},"end":{"line":4,"column":273}},"4":{"start":{"line":5,"column":2},"end":{"line":11,"column":161}}},"fnMap":{"0":{"name":"_interopRequireDefault","decl":{"start":{"line":4,"column":154},"end":{"line":4,"column":176}},"loc":{"start":{"line":4,"column":182},"end":{"line":4,"column":238}},"line":4},"1":{"name":"TimeSeriesSlider","decl":{"start":{"line":4,"column":282},"end":{"line":4,"column":298}},"loc":{"start":{"line":4,"column":306},"end":{"line":15,"column":1}},"line":4},"2":{"name":"(anonymous_2)","decl":{"start":{"line":10,"column":26},"end":{"line":10,"column":27}},"loc":{"start":{"line":10,"column":72},"end":{"line":11,"column":156}},"line":10}},"branchMap":{"0":{"loc":{"start":{"line":4,"column":190},"end":{"line":4,"column":236}},"type":"cond-expr","locations":[{"start":{"line":4,"column":214},"end":{"line":4,"column":217}},{"start":{"line":4,"column":220},"end":{"line":4,"column":236}}],"line":4},"1":{"loc":{"start":{"line":4,"column":190},"end":{"line":4,"column":211}},"type":"binary-expr","locations":[{"start":{"line":4,"column":190},"end":{"line":4,"column":193}},{"start":{"line":4,"column":197},"end":{"line":4,"column":211}}],"line":4}},"s":{"0":1,"1":1,"2":1,"3":1,"4":1},"f":{"0":1,"1":1,"2":3},"b":{"0":[0,1],"1":[1,1]},"_coverageSchema":"332fd63041d2c1bcb487cc26dd0d5f7d97098a6c","hash":"ebed619b870450e74d16a3b17155beae3cdb0ef7"}
,"/Users/royrutto/Dev/gisida/src/components/Controls/TimeSeriesSlider/TimeSeriesSlider.scss": {"path":"/Users/royrutto/Dev/gisida/src/components/Controls/TimeSeriesSlider/TimeSeriesSlider.scss","statementMap":{},"fnMap":{},"branchMap":{},"s":{},"f":{},"b":{},"_coverageSchema":"332fd63041d2c1bcb487cc26dd0d5f7d97098a6c","hash":"b152528ad8fead372823718c37a3d74004c66991"}
,"/Users/royrutto/Dev/gisida/src/components/Export/Export.jsx": {"path":"/Users/royrutto/Dev/gisida/src/components/Export/Export.jsx","statementMap":{"0":{"start":{"line":1,"column":39},"end":{"line":1,"column":101}},"1":{"start":{"line":1,"column":120},"end":{"line":1,"column":649}},"2":{"start":{"line":1,"column":175},"end":{"line":1,"column":440}},"3":{"start":{"line":1,"column":232},"end":{"line":1,"column":240}},"4":{"start":{"line":1,"column":241},"end":{"line":1,"column":296}},"5":{"start":{"line":1,"column":296},"end":{"line":1,"column":327}},"6":{"start":{"line":1,"column":327},"end":{"line":1,"column":381}},"7":{"start":{"line":1,"column":354},"end":{"line":1,"column":381}},"8":{"start":{"line":1,"column":381},"end":{"line":1,"column":439}},"9":{"start":{"line":1,"column":441},"end":{"line":1,"column":646}},"10":{"start":{"line":1,"column":497},"end":{"line":1,"column":565}},"11":{"start":{"line":1,"column":513},"end":{"line":1,"column":565}},"12":{"start":{"line":1,"column":565},"end":{"line":1,"column":625}},"13":{"start":{"line":1,"column":582},"end":{"line":1,"column":625}},"14":{"start":{"line":1,"column":625},"end":{"line":1,"column":644}},"15":{"start":{"line":1,"column":816},"end":{"line":1,"column":870}},"16":{"start":{"line":1,"column":920},"end":{"line":1,"column":1019}},"17":{"start":{"line":1,"column":961},"end":{"line":1,"column":1018}},"18":{"start":{"line":1,"column":1069},"end":{"line":1,"column":1168}},"19":{"start":{"line":1,"column":1081},"end":{"line":1,"column":1167}},"20":{"start":{"line":1,"column":1168},"end":{"line":1,"column":1254}},"21":{"start":{"line":1,"column":1297},"end":{"line":1,"column":1460}},"22":{"start":{"line":1,"column":1359},"end":{"line":1,"column":1459}},"23":{"start":{"line":1,"column":1460},"end":{"line":1,"column":1624}},"24":{"start":{"line":1,"column":1624},"end":{"line":1,"column":1742}},"25":{"start":{"line":1,"column":1640},"end":{"line":1,"column":1742}},"26":{"start":{"line":3,"column":0},"end":{"line":3,"column":25}}},"fnMap":{"0":{"name":"(anonymous_0)","decl":{"start":{"line":1,"column":120},"end":{"line":1,"column":121}},"loc":{"start":{"line":1,"column":132},"end":{"line":1,"column":647}},"line":1},"1":{"name":"defineProperties","decl":{"start":{"line":1,"column":142},"end":{"line":1,"column":158}},"loc":{"start":{"line":1,"column":174},"end":{"line":1,"column":441}},"line":1},"2":{"name":"(anonymous_2)","decl":{"start":{"line":1,"column":448},"end":{"line":1,"column":449}},"loc":{"start":{"line":1,"column":496},"end":{"line":1,"column":645}},"line":1},"3":{"name":"_interopRequireDefault","decl":{"start":{"line":1,"column":787},"end":{"line":1,"column":809}},"loc":{"start":{"line":1,"column":815},"end":{"line":1,"column":871}},"line":1},"4":{"name":"_classCallCheck","decl":{"start":{"line":1,"column":880},"end":{"line":1,"column":895}},"loc":{"start":{"line":1,"column":919},"end":{"line":1,"column":1020}},"line":1},"5":{"name":"_possibleConstructorReturn","decl":{"start":{"line":1,"column":1029},"end":{"line":1,"column":1055}},"loc":{"start":{"line":1,"column":1068},"end":{"line":1,"column":1255}},"line":1},"6":{"name":"_inherits","decl":{"start":{"line":1,"column":1264},"end":{"line":1,"column":1273}},"loc":{"start":{"line":1,"column":1296},"end":{"line":1,"column":1743}},"line":1}},"branchMap":{"0":{"loc":{"start":{"line":1,"column":265},"end":{"line":1,"column":295}},"type":"binary-expr","locations":[{"start":{"line":1,"column":265},"end":{"line":1,"column":286}},{"start":{"line":1,"column":290},"end":{"line":1,"column":295}}],"line":1},"1":{"loc":{"start":{"line":1,"column":327},"end":{"line":1,"column":381}},"type":"if","locations":[{"start":{"line":1,"column":327},"end":{"line":1,"column":381}},{"start":{"line":1,"column":327},"end":{"line":1,"column":381}}],"line":1},"2":{"loc":{"start":{"line":1,"column":497},"end":{"line":1,"column":565}},"type":"if","locations":[{"start":{"line":1,"column":497},"end":{"line":1,"column":565}},{"start":{"line":1,"column":497},"end":{"line":1,"column":565}}],"line":1},"3":{"loc":{"start":{"line":1,"column":565},"end":{"line":1,"column":625}},"type":"if","locations":[{"start":{"line":1,"column":565},"end":{"line":1,"column":625}},{"start":{"line":1,"column":565},"end":{"line":1,"column":625}}],"line":1},"4":{"loc":{"start":{"line":1,"column":823},"end":{"line":1,"column":869}},"type":"cond-expr","locations":[{"start":{"line":1,"column":847},"end":{"line":1,"column":850}},{"start":{"line":1,"column":853},"end":{"line":1,"column":869}}],"line":1},"5":{"loc":{"start":{"line":1,"column":823},"end":{"line":1,"column":844}},"type":"binary-expr","locations":[{"start":{"line":1,"column":823},"end":{"line":1,"column":826}},{"start":{"line":1,"column":830},"end":{"line":1,"column":844}}],"line":1},"6":{"loc":{"start":{"line":1,"column":920},"end":{"line":1,"column":1019}},"type":"if","locations":[{"start":{"line":1,"column":920},"end":{"line":1,"column":1019}},{"start":{"line":1,"column":920},"end":{"line":1,"column":1019}}],"line":1},"7":{"loc":{"start":{"line":1,"column":1069},"end":{"line":1,"column":1168}},"type":"if","locations":[{"start":{"line":1,"column":1069},"end":{"line":1,"column":1168}},{"start":{"line":1,"column":1069},"end":{"line":1,"column":1168}}],"line":1},"8":{"loc":{"start":{"line":1,"column":1175},"end":{"line":1,"column":1253}},"type":"cond-expr","locations":[{"start":{"line":1,"column":1242},"end":{"line":1,"column":1246}},{"start":{"line":1,"column":1249},"end":{"line":1,"column":1253}}],"line":1},"9":{"loc":{"start":{"line":1,"column":1175},"end":{"line":1,"column":1239}},"type":"binary-expr","locations":[{"start":{"line":1,"column":1175},"end":{"line":1,"column":1179}},{"start":{"line":1,"column":1184},"end":{"line":1,"column":1208}},{"start":{"line":1,"column":1212},"end":{"line":1,"column":1238}}],"line":1},"10":{"loc":{"start":{"line":1,"column":1297},"end":{"line":1,"column":1460}},"type":"if","locations":[{"start":{"line":1,"column":1297},"end":{"line":1,"column":1460}},{"start":{"line":1,"column":1297},"end":{"line":1,"column":1460}}],"line":1},"11":{"loc":{"start":{"line":1,"column":1301},"end":{"line":1,"column":1356}},"type":"binary-expr","locations":[{"start":{"line":1,"column":1301},"end":{"line":1,"column":1333}},{"start":{"line":1,"column":1337},"end":{"line":1,"column":1356}}],"line":1},"12":{"loc":{"start":{"line":1,"column":1495},"end":{"line":1,"column":1529}},"type":"binary-expr","locations":[{"start":{"line":1,"column":1495},"end":{"line":1,"column":1505}},{"start":{"line":1,"column":1509},"end":{"line":1,"column":1529}}],"line":1},"13":{"loc":{"start":{"line":1,"column":1624},"end":{"line":1,"column":1742}},"type":"if","locations":[{"start":{"line":1,"column":1624},"end":{"line":1,"column":1742}},{"start":{"line":1,"column":1624},"end":{"line":1,"column":1742}}],"line":1},"14":{"loc":{"start":{"line":1,"column":1640},"end":{"line":1,"column":1741}},"type":"cond-expr","locations":[{"start":{"line":1,"column":1664},"end":{"line":1,"column":1707}},{"start":{"line":1,"column":1710},"end":{"line":1,"column":1741}}],"line":1}},"s":{"0":1,"1":1,"2":2,"3":5,"4":5,"5":5,"6":5,"7":5,"8":5,"9":1,"10":1,"11":1,"12":1,"13":1,"14":1,"15":1,"16":1,"17":0,"18":1,"19":0,"20":1,"21":1,"22":0,"23":1,"24":1,"25":1,"26":1},"f":{"0":1,"1":2,"2":1,"3":1,"4":1,"5":1,"6":1},"b":{"0":[5,5],"1":[5,0],"2":[1,0],"3":[1,0],"4":[0,1],"5":[1,1],"6":[0,1],"7":[0,1],"8":[0,1],"9":[1,0,0],"10":[0,1],"11":[1,0],"12":[1,1],"13":[1,0],"14":[1,0]},"_coverageSchema":"332fd63041d2c1bcb487cc26dd0d5f7d97098a6c","hash":"94653c9f28bb57049b10b971536bc39e02499491"}
,"/Users/royrutto/Dev/gisida/src/components/Export/Export.scss": {"path":"/Users/royrutto/Dev/gisida/src/components/Export/Export.scss","statementMap":{},"fnMap":{},"branchMap":{},"s":{},"f":{},"b":{},"_coverageSchema":"332fd63041d2c1bcb487cc26dd0d5f7d97098a6c","hash":"9de157920b81346ea2af6970c34a5e53096e7a5b"}
,"/Users/royrutto/Dev/gisida/src/components/Layer/Layer.jsx": {"path":"/Users/royrutto/Dev/gisida/src/components/Layer/Layer.jsx","statementMap":{"0":{"start":{"line":1,"column":39},"end":{"line":1,"column":101}},"1":{"start":{"line":1,"column":267},"end":{"line":1,"column":321}},"2":{"start":{"line":2,"column":0},"end":{"line":2,"column":24}},"3":{"start":{"line":4,"column":12},"end":{"line":11,"column":157}}},"fnMap":{"0":{"name":"_interopRequireDefault","decl":{"start":{"line":1,"column":238},"end":{"line":1,"column":260}},"loc":{"start":{"line":1,"column":266},"end":{"line":1,"column":322}},"line":1},"1":{"name":"Layer","decl":{"start":{"line":4,"column":21},"end":{"line":4,"column":26}},"loc":{"start":{"line":4,"column":86},"end":{"line":11,"column":157}},"line":4}},"branchMap":{"0":{"loc":{"start":{"line":1,"column":274},"end":{"line":1,"column":320}},"type":"cond-expr","locations":[{"start":{"line":1,"column":298},"end":{"line":1,"column":301}},{"start":{"line":1,"column":304},"end":{"line":1,"column":320}}],"line":1},"1":{"loc":{"start":{"line":1,"column":274},"end":{"line":1,"column":295}},"type":"binary-expr","locations":[{"start":{"line":1,"column":274},"end":{"line":1,"column":277}},{"start":{"line":1,"column":281},"end":{"line":1,"column":295}}],"line":1}},"s":{"0":3,"1":3,"2":3,"3":3},"f":{"0":3,"1":3},"b":{"0":[0,3],"1":[3,3]},"_coverageSchema":"332fd63041d2c1bcb487cc26dd0d5f7d97098a6c","hash":"5e5de1225852a4a62151ac87f041ac7d8bb349f8"}
,"/Users/royrutto/Dev/gisida/src/components/Layer/Layer.scss": {"path":"/Users/royrutto/Dev/gisida/src/components/Layer/Layer.scss","statementMap":{},"fnMap":{},"branchMap":{},"s":{},"f":{},"b":{},"_coverageSchema":"332fd63041d2c1bcb487cc26dd0d5f7d97098a6c","hash":"5fdfc3401ec52756b2d0888111936c6172861089"}
,"/Users/royrutto/Dev/gisida/src/components/Layers/Layers.jsx": {"path":"/Users/royrutto/Dev/gisida/src/components/Layers/Layers.jsx","statementMap":{"0":{"start":{"line":1,"column":39},"end":{"line":1,"column":101}},"1":{"start":{"line":2,"column":175},"end":{"line":2,"column":229}},"2":{"start":{"line":4,"column":0},"end":{"line":4,"column":25}},"3":{"start":{"line":6,"column":13},"end":{"line":14,"column":43}}},"fnMap":{"0":{"name":"_interopRequireDefault","decl":{"start":{"line":2,"column":146},"end":{"line":2,"column":168}},"loc":{"start":{"line":2,"column":174},"end":{"line":2,"column":230}},"line":2},"1":{"name":"Layers","decl":{"start":{"line":6,"column":22},"end":{"line":6,"column":28}},"loc":{"start":{"line":6,"column":88},"end":{"line":14,"column":43}},"line":6}},"branchMap":{"0":{"loc":{"start":{"line":2,"column":182},"end":{"line":2,"column":228}},"type":"cond-expr","locations":[{"start":{"line":2,"column":206},"end":{"line":2,"column":209}},{"start":{"line":2,"column":212},"end":{"line":2,"column":228}}],"line":2},"1":{"loc":{"start":{"line":2,"column":182},"end":{"line":2,"column":203}},"type":"binary-expr","locations":[{"start":{"line":2,"column":182},"end":{"line":2,"column":185}},{"start":{"line":2,"column":189},"end":{"line":2,"column":203}}],"line":2}},"s":{"0":2,"1":4,"2":2,"3":2},"f":{"0":4,"1":2},"b":{"0":[2,2],"1":[4,4]},"_coverageSchema":"332fd63041d2c1bcb487cc26dd0d5f7d97098a6c","hash":"8b19e4e163be9c3a78e6ae2ed647aa9e564d45d9"}
,"/Users/royrutto/Dev/gisida/src/components/Layers/Layers.scss": {"path":"/Users/royrutto/Dev/gisida/src/components/Layers/Layers.scss","statementMap":{},"fnMap":{},"branchMap":{},"s":{},"f":{},"b":{},"_coverageSchema":"332fd63041d2c1bcb487cc26dd0d5f7d97098a6c","hash":"a7d5c8c42a2de7ad7871e96f346d181c34db0e9f"}
,"/Users/royrutto/Dev/gisida/src/components/Login/Login.jsx": {"path":"/Users/royrutto/Dev/gisida/src/components/Login/Login.jsx","statementMap":{"0":{"start":{"line":1,"column":39},"end":{"line":1,"column":101}},"1":{"start":{"line":1,"column":120},"end":{"line":1,"column":649}},"2":{"start":{"line":1,"column":175},"end":{"line":1,"column":440}},"3":{"start":{"line":1,"column":232},"end":{"line":1,"column":240}},"4":{"start":{"line":1,"column":241},"end":{"line":1,"column":296}},"5":{"start":{"line":1,"column":296},"end":{"line":1,"column":327}},"6":{"start":{"line":1,"column":327},"end":{"line":1,"column":381}},"7":{"start":{"line":1,"column":354},"end":{"line":1,"column":381}},"8":{"start":{"line":1,"column":381},"end":{"line":1,"column":439}},"9":{"start":{"line":1,"column":441},"end":{"line":1,"column":646}},"10":{"start":{"line":1,"column":497},"end":{"line":1,"column":565}},"11":{"start":{"line":1,"column":513},"end":{"line":1,"column":565}},"12":{"start":{"line":1,"column":565},"end":{"line":1,"column":625}},"13":{"start":{"line":1,"column":582},"end":{"line":1,"column":625}},"14":{"start":{"line":1,"column":625},"end":{"line":1,"column":644}},"15":{"start":{"line":2,"column":179},"end":{"line":2,"column":233}},"16":{"start":{"line":2,"column":283},"end":{"line":2,"column":382}},"17":{"start":{"line":2,"column":324},"end":{"line":2,"column":381}},"18":{"start":{"line":2,"column":432},"end":{"line":2,"column":531}},"19":{"start":{"line":2,"column":444},"end":{"line":2,"column":530}},"20":{"start":{"line":2,"column":531},"end":{"line":2,"column":617}},"21":{"start":{"line":2,"column":660},"end":{"line":2,"column":823}},"22":{"start":{"line":2,"column":722},"end":{"line":2,"column":822}},"23":{"start":{"line":2,"column":823},"end":{"line":2,"column":987}},"24":{"start":{"line":2,"column":987},"end":{"line":2,"column":1105}},"25":{"start":{"line":2,"column":1003},"end":{"line":2,"column":1105}},"26":{"start":{"line":4,"column":0},"end":{"line":4,"column":24}}},"fnMap":{"0":{"name":"(anonymous_0)","decl":{"start":{"line":1,"column":120},"end":{"line":1,"column":121}},"loc":{"start":{"line":1,"column":132},"end":{"line":1,"column":647}},"line":1},"1":{"name":"defineProperties","decl":{"start":{"line":1,"column":142},"end":{"line":1,"column":158}},"loc":{"start":{"line":1,"column":174},"end":{"line":1,"column":441}},"line":1},"2":{"name":"(anonymous_2)","decl":{"start":{"line":1,"column":448},"end":{"line":1,"column":449}},"loc":{"start":{"line":1,"column":496},"end":{"line":1,"column":645}},"line":1},"3":{"name":"_interopRequireDefault","decl":{"start":{"line":2,"column":150},"end":{"line":2,"column":172}},"loc":{"start":{"line":2,"column":178},"end":{"line":2,"column":234}},"line":2},"4":{"name":"_classCallCheck","decl":{"start":{"line":2,"column":243},"end":{"line":2,"column":258}},"loc":{"start":{"line":2,"column":282},"end":{"line":2,"column":383}},"line":2},"5":{"name":"_possibleConstructorReturn","decl":{"start":{"line":2,"column":392},"end":{"line":2,"column":418}},"loc":{"start":{"line":2,"column":431},"end":{"line":2,"column":618}},"line":2},"6":{"name":"_inherits","decl":{"start":{"line":2,"column":627},"end":{"line":2,"column":636}},"loc":{"start":{"line":2,"column":659},"end":{"line":2,"column":1106}},"line":2}},"branchMap":{"0":{"loc":{"start":{"line":1,"column":265},"end":{"line":1,"column":295}},"type":"binary-expr","locations":[{"start":{"line":1,"column":265},"end":{"line":1,"column":286}},{"start":{"line":1,"column":290},"end":{"line":1,"column":295}}],"line":1},"1":{"loc":{"start":{"line":1,"column":327},"end":{"line":1,"column":381}},"type":"if","locations":[{"start":{"line":1,"column":327},"end":{"line":1,"column":381}},{"start":{"line":1,"column":327},"end":{"line":1,"column":381}}],"line":1},"2":{"loc":{"start":{"line":1,"column":497},"end":{"line":1,"column":565}},"type":"if","locations":[{"start":{"line":1,"column":497},"end":{"line":1,"column":565}},{"start":{"line":1,"column":497},"end":{"line":1,"column":565}}],"line":1},"3":{"loc":{"start":{"line":1,"column":565},"end":{"line":1,"column":625}},"type":"if","locations":[{"start":{"line":1,"column":565},"end":{"line":1,"column":625}},{"start":{"line":1,"column":565},"end":{"line":1,"column":625}}],"line":1},"4":{"loc":{"start":{"line":2,"column":186},"end":{"line":2,"column":232}},"type":"cond-expr","locations":[{"start":{"line":2,"column":210},"end":{"line":2,"column":213}},{"start":{"line":2,"column":216},"end":{"line":2,"column":232}}],"line":2},"5":{"loc":{"start":{"line":2,"column":186},"end":{"line":2,"column":207}},"type":"binary-expr","locations":[{"start":{"line":2,"column":186},"end":{"line":2,"column":189}},{"start":{"line":2,"column":193},"end":{"line":2,"column":207}}],"line":2},"6":{"loc":{"start":{"line":2,"column":283},"end":{"line":2,"column":382}},"type":"if","locations":[{"start":{"line":2,"column":283},"end":{"line":2,"column":382}},{"start":{"line":2,"column":283},"end":{"line":2,"column":382}}],"line":2},"7":{"loc":{"start":{"line":2,"column":432},"end":{"line":2,"column":531}},"type":"if","locations":[{"start":{"line":2,"column":432},"end":{"line":2,"column":531}},{"start":{"line":2,"column":432},"end":{"line":2,"column":531}}],"line":2},"8":{"loc":{"start":{"line":2,"column":538},"end":{"line":2,"column":616}},"type":"cond-expr","locations":[{"start":{"line":2,"column":605},"end":{"line":2,"column":609}},{"start":{"line":2,"column":612},"end":{"line":2,"column":616}}],"line":2},"9":{"loc":{"start":{"line":2,"column":538},"end":{"line":2,"column":602}},"type":"binary-expr","locations":[{"start":{"line":2,"column":538},"end":{"line":2,"column":542}},{"start":{"line":2,"column":547},"end":{"line":2,"column":571}},{"start":{"line":2,"column":575},"end":{"line":2,"column":601}}],"line":2},"10":{"loc":{"start":{"line":2,"column":660},"end":{"line":2,"column":823}},"type":"if","locations":[{"start":{"line":2,"column":660},"end":{"line":2,"column":823}},{"start":{"line":2,"column":660},"end":{"line":2,"column":823}}],"line":2},"11":{"loc":{"start":{"line":2,"column":664},"end":{"line":2,"column":719}},"type":"binary-expr","locations":[{"start":{"line":2,"column":664},"end":{"line":2,"column":696}},{"start":{"line":2,"column":700},"end":{"line":2,"column":719}}],"line":2},"12":{"loc":{"start":{"line":2,"column":858},"end":{"line":2,"column":892}},"type":"binary-expr","locations":[{"start":{"line":2,"column":858},"end":{"line":2,"column":868}},{"start":{"line":2,"column":872},"end":{"line":2,"column":892}}],"line":2},"13":{"loc":{"start":{"line":2,"column":987},"end":{"line":2,"column":1105}},"type":"if","locations":[{"start":{"line":2,"column":987},"end":{"line":2,"column":1105}},{"start":{"line":2,"column":987},"end":{"line":2,"column":1105}}],"line":2},"14":{"loc":{"start":{"line":2,"column":1003},"end":{"line":2,"column":1104}},"type":"cond-expr","locations":[{"start":{"line":2,"column":1027},"end":{"line":2,"column":1070}},{"start":{"line":2,"column":1073},"end":{"line":2,"column":1104}}],"line":2}},"s":{"0":1,"1":1,"2":1,"3":2,"4":2,"5":2,"6":2,"7":2,"8":2,"9":1,"10":1,"11":1,"12":1,"13":0,"14":1,"15":2,"16":1,"17":0,"18":1,"19":0,"20":1,"21":1,"22":0,"23":1,"24":1,"25":1,"26":1},"f":{"0":1,"1":1,"2":1,"3":2,"4":1,"5":1,"6":1},"b":{"0":[2,2],"1":[2,0],"2":[1,0],"3":[0,1],"4":[0,2],"5":[2,2],"6":[0,1],"7":[0,1],"8":[0,1],"9":[1,0,0],"10":[0,1],"11":[1,0],"12":[1,1],"13":[1,0],"14":[1,0]},"_coverageSchema":"332fd63041d2c1bcb487cc26dd0d5f7d97098a6c","hash":"38f7cc0495a5a44133caad462d83f823f406d721"}
,"/Users/royrutto/Dev/gisida/src/components/Login/Login.scss": {"path":"/Users/royrutto/Dev/gisida/src/components/Login/Login.scss","statementMap":{},"fnMap":{},"branchMap":{},"s":{},"f":{},"b":{},"_coverageSchema":"332fd63041d2c1bcb487cc26dd0d5f7d97098a6c","hash":"a3672ae01ad49bceb4466b90e719c454f1051851"}
,"/Users/royrutto/Dev/gisida/src/components/Menu/Menu.jsx": {"path":"/Users/royrutto/Dev/gisida/src/components/Menu/Menu.jsx","statementMap":{"0":{"start":{"line":1,"column":39},"end":{"line":1,"column":101}},"1":{"start":{"line":4,"column":179},"end":{"line":4,"column":233}},"2":{"start":{"line":4,"column":234},"end":{"line":4,"column":257}},"3":{"start":{"line":6,"column":13},"end":{"line":10,"column":1}},"4":{"start":{"line":7,"column":2},"end":{"line":7,"column":21}},"5":{"start":{"line":9,"column":2},"end":{"line":9,"column":20}},"6":{"start":{"line":12,"column":11},"end":{"line":23,"column":331}}},"fnMap":{"0":{"name":"_interopRequireDefault","decl":{"start":{"line":4,"column":150},"end":{"line":4,"column":172}},"loc":{"start":{"line":4,"column":178},"end":{"line":4,"column":234}},"line":4},"1":{"name":"logOut","decl":{"start":{"line":6,"column":22},"end":{"line":6,"column":28}},"loc":{"start":{"line":6,"column":32},"end":{"line":10,"column":1}},"line":6},"2":{"name":"Menu","decl":{"start":{"line":12,"column":20},"end":{"line":12,"column":24}},"loc":{"start":{"line":12,"column":84},"end":{"line":23,"column":331}},"line":12}},"branchMap":{"0":{"loc":{"start":{"line":4,"column":186},"end":{"line":4,"column":232}},"type":"cond-expr","locations":[{"start":{"line":4,"column":210},"end":{"line":4,"column":213}},{"start":{"line":4,"column":216},"end":{"line":4,"column":232}}],"line":4},"1":{"loc":{"start":{"line":4,"column":186},"end":{"line":4,"column":207}},"type":"binary-expr","locations":[{"start":{"line":4,"column":186},"end":{"line":4,"column":189}},{"start":{"line":4,"column":193},"end":{"line":4,"column":207}}],"line":4}},"s":{"0":1,"1":2,"2":1,"3":1,"4":0,"5":0,"6":1},"f":{"0":2,"1":0,"2":1},"b":{"0":[0,2],"1":[2,2]},"_coverageSchema":"332fd63041d2c1bcb487cc26dd0d5f7d97098a6c","hash":"d752315fd04c358ba5a7024f3b7797e20405483c"}
,"/Users/royrutto/Dev/gisida/src/components/Menu/Menu.scss": {"path":"/Users/royrutto/Dev/gisida/src/components/Menu/Menu.scss","statementMap":{},"fnMap":{},"branchMap":{},"s":{},"f":{},"b":{},"_coverageSchema":"332fd63041d2c1bcb487cc26dd0d5f7d97098a6c","hash":"aed6b222adc78a70ffcea9ac0bab6ea718be3f14"}
,"/Users/royrutto/Dev/gisida/src/components/Sectors/Sectors.jsx": {"path":"/Users/royrutto/Dev/gisida/src/components/Sectors/Sectors.jsx","statementMap":{"0":{"start":{"line":1,"column":39},"end":{"line":1,"column":101}},"1":{"start":{"line":3,"column":180},"end":{"line":3,"column":234}},"2":{"start":{"line":3,"column":235},"end":{"line":3,"column":261}},"3":{"start":{"line":5,"column":14},"end":{"line":13,"column":258}}},"fnMap":{"0":{"name":"_interopRequireDefault","decl":{"start":{"line":3,"column":151},"end":{"line":3,"column":173}},"loc":{"start":{"line":3,"column":179},"end":{"line":3,"column":235}},"line":3},"1":{"name":"Sectors","decl":{"start":{"line":5,"column":23},"end":{"line":5,"column":30}},"loc":{"start":{"line":5,"column":90},"end":{"line":13,"column":258}},"line":5}},"branchMap":{"0":{"loc":{"start":{"line":3,"column":187},"end":{"line":3,"column":233}},"type":"cond-expr","locations":[{"start":{"line":3,"column":211},"end":{"line":3,"column":214}},{"start":{"line":3,"column":217},"end":{"line":3,"column":233}}],"line":3},"1":{"loc":{"start":{"line":3,"column":187},"end":{"line":3,"column":208}},"type":"binary-expr","locations":[{"start":{"line":3,"column":187},"end":{"line":3,"column":190}},{"start":{"line":3,"column":194},"end":{"line":3,"column":208}}],"line":3}},"s":{"0":1,"1":2,"2":1,"3":1},"f":{"0":2,"1":1},"b":{"0":[1,1],"1":[2,2]},"_coverageSchema":"332fd63041d2c1bcb487cc26dd0d5f7d97098a6c","hash":"380c5e6f8d149486fdbe83433b84578b4e4d850f"}
,"/Users/royrutto/Dev/gisida/src/components/Sectors/Sectors.scss": {"path":"/Users/royrutto/Dev/gisida/src/components/Sectors/Sectors.scss","statementMap":{},"fnMap":{},"branchMap":{},"s":{},"f":{},"b":{},"_coverageSchema":"332fd63041d2c1bcb487cc26dd0d5f7d97098a6c","hash":"6444c81d9688805d78e25d716dce632ae34e38de"}
}
