{"/Users/arerimoi/ona/gisida/src/components/Login/Login.jsx": {"path":"/Users/arerimoi/ona/gisida/src/components/Login/Login.jsx","statementMap":{"0":{"start":{"line":1,"column":39},"end":{"line":1,"column":101}},"1":{"start":{"line":1,"column":101},"end":{"line":1,"column":132}},"2":{"start":{"line":1,"column":151},"end":{"line":1,"column":680}},"3":{"start":{"line":1,"column":206},"end":{"line":1,"column":471}},"4":{"start":{"line":1,"column":263},"end":{"line":1,"column":271}},"5":{"start":{"line":1,"column":272},"end":{"line":1,"column":327}},"6":{"start":{"line":1,"column":327},"end":{"line":1,"column":358}},"7":{"start":{"line":1,"column":358},"end":{"line":1,"column":412}},"8":{"start":{"line":1,"column":385},"end":{"line":1,"column":412}},"9":{"start":{"line":1,"column":412},"end":{"line":1,"column":470}},"10":{"start":{"line":1,"column":472},"end":{"line":1,"column":677}},"11":{"start":{"line":1,"column":528},"end":{"line":1,"column":596}},"12":{"start":{"line":1,"column":544},"end":{"line":1,"column":596}},"13":{"start":{"line":1,"column":596},"end":{"line":1,"column":656}},"14":{"start":{"line":1,"column":613},"end":{"line":1,"column":656}},"15":{"start":{"line":1,"column":656},"end":{"line":1,"column":675}},"16":{"start":{"line":4,"column":179},"end":{"line":4,"column":233}},"17":{"start":{"line":4,"column":283},"end":{"line":4,"column":382}},"18":{"start":{"line":4,"column":324},"end":{"line":4,"column":381}},"19":{"start":{"line":4,"column":432},"end":{"line":4,"column":531}},"20":{"start":{"line":4,"column":444},"end":{"line":4,"column":530}},"21":{"start":{"line":4,"column":531},"end":{"line":4,"column":617}},"22":{"start":{"line":4,"column":660},"end":{"line":4,"column":823}},"23":{"start":{"line":4,"column":722},"end":{"line":4,"column":822}},"24":{"start":{"line":4,"column":823},"end":{"line":4,"column":987}},"25":{"start":{"line":4,"column":987},"end":{"line":4,"column":1105}},"26":{"start":{"line":4,"column":1003},"end":{"line":4,"column":1105}},"27":{"start":{"line":4,"column":1106},"end":{"line":4,"column":1130}},"28":{"start":{"line":6,"column":43},"end":{"line":8,"column":1}},"29":{"start":{"line":7,"column":2},"end":{"line":7,"column":81}}},"fnMap":{"0":{"name":"(anonymous_0)","decl":{"start":{"line":1,"column":151},"end":{"line":1,"column":152}},"loc":{"start":{"line":1,"column":163},"end":{"line":1,"column":678}},"line":1},"1":{"name":"defineProperties","decl":{"start":{"line":1,"column":173},"end":{"line":1,"column":189}},"loc":{"start":{"line":1,"column":205},"end":{"line":1,"column":472}},"line":1},"2":{"name":"(anonymous_2)","decl":{"start":{"line":1,"column":479},"end":{"line":1,"column":480}},"loc":{"start":{"line":1,"column":527},"end":{"line":1,"column":676}},"line":1},"3":{"name":"_interopRequireDefault","decl":{"start":{"line":4,"column":150},"end":{"line":4,"column":172}},"loc":{"start":{"line":4,"column":178},"end":{"line":4,"column":234}},"line":4},"4":{"name":"_classCallCheck","decl":{"start":{"line":4,"column":243},"end":{"line":4,"column":258}},"loc":{"start":{"line":4,"column":282},"end":{"line":4,"column":383}},"line":4},"5":{"name":"_possibleConstructorReturn","decl":{"start":{"line":4,"column":392},"end":{"line":4,"column":418}},"loc":{"start":{"line":4,"column":431},"end":{"line":4,"column":618}},"line":4},"6":{"name":"_inherits","decl":{"start":{"line":4,"column":627},"end":{"line":4,"column":636}},"loc":{"start":{"line":4,"column":659},"end":{"line":4,"column":1106}},"line":4},"7":{"name":"isLoggedIn","decl":{"start":{"line":6,"column":73},"end":{"line":6,"column":83}},"loc":{"start":{"line":6,"column":86},"end":{"line":8,"column":1}},"line":6}},"branchMap":{"0":{"loc":{"start":{"line":1,"column":296},"end":{"line":1,"column":326}},"type":"binary-expr","locations":[{"start":{"line":1,"column":296},"end":{"line":1,"column":317}},{"start":{"line":1,"column":321},"end":{"line":1,"column":326}}],"line":1},"1":{"loc":{"start":{"line":1,"column":358},"end":{"line":1,"column":412}},"type":"if","locations":[{"start":{"line":1,"column":358},"end":{"line":1,"column":412}},{"start":{"line":1,"column":358},"end":{"line":1,"column":412}}],"line":1},"2":{"loc":{"start":{"line":1,"column":528},"end":{"line":1,"column":596}},"type":"if","locations":[{"start":{"line":1,"column":528},"end":{"line":1,"column":596}},{"start":{"line":1,"column":528},"end":{"line":1,"column":596}}],"line":1},"3":{"loc":{"start":{"line":1,"column":596},"end":{"line":1,"column":656}},"type":"if","locations":[{"start":{"line":1,"column":596},"end":{"line":1,"column":656}},{"start":{"line":1,"column":596},"end":{"line":1,"column":656}}],"line":1},"4":{"loc":{"start":{"line":4,"column":186},"end":{"line":4,"column":232}},"type":"cond-expr","locations":[{"start":{"line":4,"column":210},"end":{"line":4,"column":213}},{"start":{"line":4,"column":216},"end":{"line":4,"column":232}}],"line":4},"5":{"loc":{"start":{"line":4,"column":186},"end":{"line":4,"column":207}},"type":"binary-expr","locations":[{"start":{"line":4,"column":186},"end":{"line":4,"column":189}},{"start":{"line":4,"column":193},"end":{"line":4,"column":207}}],"line":4},"6":{"loc":{"start":{"line":4,"column":283},"end":{"line":4,"column":382}},"type":"if","locations":[{"start":{"line":4,"column":283},"end":{"line":4,"column":382}},{"start":{"line":4,"column":283},"end":{"line":4,"column":382}}],"line":4},"7":{"loc":{"start":{"line":4,"column":432},"end":{"line":4,"column":531}},"type":"if","locations":[{"start":{"line":4,"column":432},"end":{"line":4,"column":531}},{"start":{"line":4,"column":432},"end":{"line":4,"column":531}}],"line":4},"8":{"loc":{"start":{"line":4,"column":538},"end":{"line":4,"column":616}},"type":"cond-expr","locations":[{"start":{"line":4,"column":605},"end":{"line":4,"column":609}},{"start":{"line":4,"column":612},"end":{"line":4,"column":616}}],"line":4},"9":{"loc":{"start":{"line":4,"column":538},"end":{"line":4,"column":602}},"type":"binary-expr","locations":[{"start":{"line":4,"column":538},"end":{"line":4,"column":542}},{"start":{"line":4,"column":547},"end":{"line":4,"column":571}},{"start":{"line":4,"column":575},"end":{"line":4,"column":601}}],"line":4},"10":{"loc":{"start":{"line":4,"column":660},"end":{"line":4,"column":823}},"type":"if","locations":[{"start":{"line":4,"column":660},"end":{"line":4,"column":823}},{"start":{"line":4,"column":660},"end":{"line":4,"column":823}}],"line":4},"11":{"loc":{"start":{"line":4,"column":664},"end":{"line":4,"column":719}},"type":"binary-expr","locations":[{"start":{"line":4,"column":664},"end":{"line":4,"column":696}},{"start":{"line":4,"column":700},"end":{"line":4,"column":719}}],"line":4},"12":{"loc":{"start":{"line":4,"column":858},"end":{"line":4,"column":892}},"type":"binary-expr","locations":[{"start":{"line":4,"column":858},"end":{"line":4,"column":868}},{"start":{"line":4,"column":872},"end":{"line":4,"column":892}}],"line":4},"13":{"loc":{"start":{"line":4,"column":987},"end":{"line":4,"column":1105}},"type":"if","locations":[{"start":{"line":4,"column":987},"end":{"line":4,"column":1105}},{"start":{"line":4,"column":987},"end":{"line":4,"column":1105}}],"line":4},"14":{"loc":{"start":{"line":4,"column":1003},"end":{"line":4,"column":1104}},"type":"cond-expr","locations":[{"start":{"line":4,"column":1027},"end":{"line":4,"column":1070}},{"start":{"line":4,"column":1073},"end":{"line":4,"column":1104}}],"line":4}},"s":{"0":1,"1":1,"2":1,"3":1,"4":2,"5":2,"6":2,"7":2,"8":2,"9":2,"10":1,"11":1,"12":1,"13":1,"14":0,"15":1,"16":2,"17":1,"18":0,"19":1,"20":0,"21":1,"22":1,"23":0,"24":1,"25":1,"26":1,"27":1,"28":1,"29":0},"f":{"0":1,"1":1,"2":1,"3":2,"4":1,"5":1,"6":1,"7":0},"b":{"0":[2,2],"1":[2,0],"2":[1,0],"3":[0,1],"4":[0,2],"5":[2,2],"6":[0,1],"7":[0,1],"8":[0,1],"9":[1,0,0],"10":[0,1],"11":[1,0],"12":[1,1],"13":[1,0],"14":[1,0]},"_coverageSchema":"332fd63041d2c1bcb487cc26dd0d5f7d97098a6c","hash":"45795bf2e51d5b13c7ceaa9135201dee832e4797"}
,"/Users/arerimoi/ona/gisida/src/components/Login/Login.scss": {"path":"/Users/arerimoi/ona/gisida/src/components/Login/Login.scss","statementMap":{},"fnMap":{},"branchMap":{},"s":{},"f":{},"b":{},"_coverageSchema":"332fd63041d2c1bcb487cc26dd0d5f7d97098a6c","hash":"d1bbf266f131cedd495704d5a96458c336b9f826"}
}
