TN:
SF:/Users/royrutto/Dev/gisida/src/components/Controls/FilterSelector/FilterSelector.jsx
FN:1,(anonymous_0)
FN:1,defineProperties
FN:1,(anonymous_2)
FN:1,_interopRequireDefault
FN:1,_classCallCheck
FN:1,_possibleConstructorReturn
FN:1,_inherits
FNF:7
FNH:7
FNDA:1,(anonymous_0)
FNDA:1,defineProperties
FNDA:1,(anonymous_2)
FNDA:1,_interopRequireDefault
FNDA:1,_classCallCheck
FNDA:1,_possibleConstructorReturn
FNDA:1,_inherits
DA:1,3
DA:3,1
LF:2
LH:2
BRDA:1,0,0,3
BRDA:1,0,1,3
BRDA:1,1,0,3
BRDA:1,1,1,0
BRDA:1,2,0,1
BRDA:1,2,1,0
BRDA:1,3,0,0
BRDA:1,3,1,1
BRDA:1,4,0,0
BRDA:1,4,1,1
BRDA:1,5,0,1
BRDA:1,5,1,1
BRDA:1,6,0,0
BRDA:1,6,1,1
BRDA:1,7,0,0
BRDA:1,7,1,1
BRDA:1,8,0,0
BRDA:1,8,1,1
BRDA:1,9,0,1
BRDA:1,9,1,0
BRDA:1,9,2,0
BRDA:1,10,0,0
BRDA:1,10,1,1
BRDA:1,11,0,1
BRDA:1,11,1,0
BRDA:1,12,0,1
BRDA:1,12,1,1
BRDA:1,13,0,1
BRDA:1,13,1,0
BRDA:1,14,0,1
BRDA:1,14,1,0
BRF:31
BRH:18
end_of_record
TN:
SF:/Users/royrutto/Dev/gisida/src/components/Controls/FilterSelector/FilterSelector.scss
FNF:0
FNH:0
LF:0
LH:0
BRF:0
BRH:0
end_of_record
TN:
SF:/Users/royrutto/Dev/gisida/src/components/Controls/StyleSelector/StyleSelector.jsx
FN:1,_interopRequireDefault
FN:4,StyleSelector
FN:11,(anonymous_2)
FNF:3
FNH:3
FNDA:1,_interopRequireDefault
FNDA:1,StyleSelector
FNDA:3,(anonymous_2)
DA:1,1
DA:2,1
DA:5,1
LF:3
LH:3
BRDA:1,0,0,0
BRDA:1,0,1,1
BRDA:1,1,0,1
BRDA:1,1,1,1
BRF:4
BRH:3
end_of_record
TN:
SF:/Users/royrutto/Dev/gisida/src/components/Controls/StyleSelector/StyleSelector.scss
FNF:0
FNH:0
LF:0
LH:0
BRF:0
BRH:0
end_of_record
TN:
SF:/Users/royrutto/Dev/gisida/src/components/Controls/TimeSeriesSlider/TimeSeriesSlider.jsx
FN:4,_interopRequireDefault
FN:4,TimeSeriesSlider
FN:10,(anonymous_2)
FNF:3
FNH:3
FNDA:1,_interopRequireDefault
FNDA:1,TimeSeriesSlider
FNDA:3,(anonymous_2)
DA:1,1
DA:4,1
DA:5,1
LF:3
LH:3
BRDA:4,0,0,0
BRDA:4,0,1,1
BRDA:4,1,0,1
BRDA:4,1,1,1
BRF:4
BRH:3
end_of_record
TN:
SF:/Users/royrutto/Dev/gisida/src/components/Controls/TimeSeriesSlider/TimeSeriesSlider.scss
FNF:0
FNH:0
LF:0
LH:0
BRF:0
BRH:0
end_of_record
TN:
SF:/Users/royrutto/Dev/gisida/src/components/Export/Export.jsx
FN:1,(anonymous_0)
FN:1,defineProperties
FN:1,(anonymous_2)
FN:1,_interopRequireDefault
FN:1,_classCallCheck
FN:1,_possibleConstructorReturn
FN:1,_inherits
FNF:7
FNH:7
FNDA:1,(anonymous_0)
FNDA:2,defineProperties
FNDA:1,(anonymous_2)
FNDA:1,_interopRequireDefault
FNDA:1,_classCallCheck
FNDA:1,_possibleConstructorReturn
FNDA:1,_inherits
DA:1,5
DA:3,1
LF:2
LH:2
BRDA:1,0,0,5
BRDA:1,0,1,5
BRDA:1,1,0,5
BRDA:1,1,1,0
BRDA:1,2,0,1
BRDA:1,2,1,0
BRDA:1,3,0,1
BRDA:1,3,1,0
BRDA:1,4,0,0
BRDA:1,4,1,1
BRDA:1,5,0,1
BRDA:1,5,1,1
BRDA:1,6,0,0
BRDA:1,6,1,1
BRDA:1,7,0,0
BRDA:1,7,1,1
BRDA:1,8,0,0
BRDA:1,8,1,1
BRDA:1,9,0,1
BRDA:1,9,1,0
BRDA:1,9,2,0
BRDA:1,10,0,0
BRDA:1,10,1,1
BRDA:1,11,0,1
BRDA:1,11,1,0
BRDA:1,12,0,1
BRDA:1,12,1,1
BRDA:1,13,0,1
BRDA:1,13,1,0
BRDA:1,14,0,1
BRDA:1,14,1,0
BRF:31
BRH:18
end_of_record
TN:
SF:/Users/royrutto/Dev/gisida/src/components/Export/Export.scss
FNF:0
FNH:0
LF:0
LH:0
BRF:0
BRH:0
end_of_record
TN:
SF:/Users/royrutto/Dev/gisida/src/components/Layer/Layer.jsx
FN:1,_interopRequireDefault
FN:4,Layer
FNF:2
FNH:2
FNDA:3,_interopRequireDefault
FNDA:3,Layer
DA:1,3
DA:2,3
DA:4,3
LF:3
LH:3
BRDA:1,0,0,0
BRDA:1,0,1,3
BRDA:1,1,0,3
BRDA:1,1,1,3
BRF:4
BRH:3
end_of_record
TN:
SF:/Users/royrutto/Dev/gisida/src/components/Layer/Layer.scss
FNF:0
FNH:0
LF:0
LH:0
BRF:0
BRH:0
end_of_record
TN:
SF:/Users/royrutto/Dev/gisida/src/components/Layers/Layers.jsx
FN:2,_interopRequireDefault
FN:6,Layers
FNF:2
FNH:2
FNDA:4,_interopRequireDefault
FNDA:2,Layers
DA:1,2
DA:2,4
DA:4,2
DA:6,2
LF:4
LH:4
BRDA:2,0,0,2
BRDA:2,0,1,2
BRDA:2,1,0,4
BRDA:2,1,1,4
BRF:4
BRH:4
end_of_record
TN:
SF:/Users/royrutto/Dev/gisida/src/components/Layers/Layers.scss
FNF:0
FNH:0
LF:0
LH:0
BRF:0
BRH:0
end_of_record
TN:
SF:/Users/royrutto/Dev/gisida/src/components/Login/Login.jsx
FN:1,(anonymous_0)
FN:1,defineProperties
FN:1,(anonymous_2)
FN:2,_interopRequireDefault
FN:2,_classCallCheck
FN:2,_possibleConstructorReturn
FN:2,_inherits
FNF:7
FNH:7
FNDA:1,(anonymous_0)
FNDA:1,defineProperties
FNDA:1,(anonymous_2)
FNDA:2,_interopRequireDefault
FNDA:1,_classCallCheck
FNDA:1,_possibleConstructorReturn
FNDA:1,_inherits
DA:1,2
DA:2,2
DA:4,1
LF:3
LH:3
BRDA:1,0,0,2
BRDA:1,0,1,2
BRDA:1,1,0,2
BRDA:1,1,1,0
BRDA:1,2,0,1
BRDA:1,2,1,0
BRDA:1,3,0,0
BRDA:1,3,1,1
BRDA:2,4,0,0
BRDA:2,4,1,2
BRDA:2,5,0,2
BRDA:2,5,1,2
BRDA:2,6,0,0
BRDA:2,6,1,1
BRDA:2,7,0,0
BRDA:2,7,1,1
BRDA:2,8,0,0
BRDA:2,8,1,1
BRDA:2,9,0,1
BRDA:2,9,1,0
BRDA:2,9,2,0
BRDA:2,10,0,0
BRDA:2,10,1,1
BRDA:2,11,0,1
BRDA:2,11,1,0
BRDA:2,12,0,1
BRDA:2,12,1,1
BRDA:2,13,0,1
BRDA:2,13,1,0
BRDA:2,14,0,1
BRDA:2,14,1,0
BRF:31
BRH:18
end_of_record
TN:
SF:/Users/royrutto/Dev/gisida/src/components/Login/Login.scss
FNF:0
FNH:0
LF:0
LH:0
BRF:0
BRH:0
end_of_record
TN:
SF:/Users/royrutto/Dev/gisida/src/components/Menu/Menu.jsx
FN:4,_interopRequireDefault
FN:6,logOut
FN:12,Menu
FNF:3
FNH:2
FNDA:2,_interopRequireDefault
FNDA:0,logOut
FNDA:1,Menu
DA:1,1
DA:4,2
DA:6,1
DA:7,0
DA:9,0
DA:12,1
LF:6
LH:4
BRDA:4,0,0,0
BRDA:4,0,1,2
BRDA:4,1,0,2
BRDA:4,1,1,2
BRF:4
BRH:3
end_of_record
TN:
SF:/Users/royrutto/Dev/gisida/src/components/Menu/Menu.scss
FNF:0
FNH:0
LF:0
LH:0
BRF:0
BRH:0
end_of_record
TN:
SF:/Users/royrutto/Dev/gisida/src/components/Sectors/Sectors.jsx
FN:3,_interopRequireDefault
FN:5,Sectors
FNF:2
FNH:2
FNDA:2,_interopRequireDefault
FNDA:1,Sectors
DA:1,1
DA:3,2
DA:5,1
LF:3
LH:3
BRDA:3,0,0,1
BRDA:3,0,1,1
BRDA:3,1,0,2
BRDA:3,1,1,2
BRF:4
BRH:4
end_of_record
TN:
SF:/Users/royrutto/Dev/gisida/src/components/Sectors/Sectors.scss
FNF:0
FNH:0
LF:0
LH:0
BRF:0
BRH:0
end_of_record
