TN:
SF:/Users/arerimoi/ona/gisida/src/components/Login/Login.jsx
FN:1,(anonymous_0)
FN:1,defineProperties
FN:1,(anonymous_2)
FN:4,_interopRequireDefault
FN:4,_classCallCheck
FN:4,_possibleConstructorReturn
FN:4,_inherits
FN:6,isLoggedIn
FNF:8
FNH:7
FNDA:1,(anonymous_0)
FNDA:1,defineProperties
FNDA:1,(anonymous_2)
FNDA:2,_interopRequireDefault
FNDA:1,_classCallCheck
FNDA:1,_possibleConstructorReturn
FNDA:1,_inherits
FNDA:0,isLoggedIn
DA:1,2
DA:4,2
DA:6,1
DA:7,0
LF:4
LH:3
BRDA:1,0,0,2
BRDA:1,0,1,2
BRDA:1,1,0,2
BRDA:1,1,1,0
BRDA:1,2,0,1
BRDA:1,2,1,0
BRDA:1,3,0,0
BRDA:1,3,1,1
BRDA:4,4,0,0
BRDA:4,4,1,2
BRDA:4,5,0,2
BRDA:4,5,1,2
BRDA:4,6,0,0
BRDA:4,6,1,1
BRDA:4,7,0,0
BRDA:4,7,1,1
BRDA:4,8,0,0
BRDA:4,8,1,1
BRDA:4,9,0,1
BRDA:4,9,1,0
BRDA:4,9,2,0
BRDA:4,10,0,0
BRDA:4,10,1,1
BRDA:4,11,0,1
BRDA:4,11,1,0
BRDA:4,12,0,1
BRDA:4,12,1,1
BRDA:4,13,0,1
BRDA:4,13,1,0
BRDA:4,14,0,1
BRDA:4,14,1,0
BRF:31
BRH:18
end_of_record
TN:
SF:/Users/arerimoi/ona/gisida/src/components/Login/Login.scss
FNF:0
FNH:0
LF:0
LH:0
BRF:0
BRH:0
end_of_record
